Using pre-set license
Built from '2020.3/staging' branch; Version is '2020.3.0f1 (c7b5465681fb) revision 13088070'; Using compiler version '192528614'; Build Type 'Release'
OS: 'Windows 10 Pro; OS build 19042.985; Version 2009; 64bit' Language: 'en' Physical Memory: 8066 MB
BatchMode: 1, IsHumanControllingUs: 0, StartBugReporterOnCrash: 0, Is64bit: 1, IsPro: 0

 COMMAND LINE ARGUMENTS:
D:\Unity Editors\2020.3.0f1\Editor\Unity.exe
-adb2
-batchMode
-noUpm
-name
AssetImportWorker0
-projectPath
D:/LogRiders/GMTK2021
-logFile
Logs/AssetImportWorker0.log
-srvPort
58343
Successfully changed project path to: D:/LogRiders/GMTK2021
D:/LogRiders/GMTK2021
Using Asset Import Pipeline V2.
Refreshing native plugins compatible for Editor in 41.34 ms, found 0 plugins.
Preloading 0 native plugins for Editor in 0.00 ms.
Initialize engine version: 2020.3.0f1 (c7b5465681fb)
[Subsystems] Discovering subsystems at path D:/Unity Editors/2020.3.0f1/Editor/Data/Resources/UnitySubsystems
[Subsystems] Discovering subsystems at path D:/LogRiders/GMTK2021/Assets
GfxDevice: creating device client; threaded=0
Direct3D:
    Version:  Direct3D 11.0 [level 11.1]
    Renderer: NVIDIA GeForce GTX 1050 (ID=0x1c8d)
    Vendor:   
    VRAM:     1977 MB
    Driver:   27.21.14.6079
Initialize mono
Mono path[0] = 'D:/Unity Editors/2020.3.0f1/Editor/Data/Managed'
Mono path[1] = 'D:/Unity Editors/2020.3.0f1/Editor/Data/MonoBleedingEdge/lib/mono/unityjit'
Mono config path = 'D:/Unity Editors/2020.3.0f1/Editor/Data/MonoBleedingEdge/etc'
Using monoOptions --debugger-agent=transport=dt_socket,embedding=1,server=y,suspend=n,address=127.0.0.1:56036
Begin MonoManager ReloadAssembly
Registering precompiled unity dll's ...
Register platform support module: D:/Unity Editors/2020.3.0f1/Editor/Data/PlaybackEngines/WindowsStandaloneSupport/UnityEditor.WindowsStandalone.Extensions.dll
Registered in 0.001281 seconds.
Native extension for WindowsStandalone target not found
Refreshing native plugins compatible for Editor in 24.01 ms, found 0 plugins.
Preloading 0 native plugins for Editor in 0.00 ms.
Invoked RoslynAnalysisRunner static constructor.
RoslynAnalysisRunner will not be running.
RoslynAnalysisRunner has terminated.
Mono: successfully reloaded assembly
- Completed reload, in  1.778 seconds
Platform modules already initialized, skipping
Registering precompiled user dll's ...
Registered in 0.000508 seconds.
Begin MonoManager ReloadAssembly
Native extension for WindowsStandalone target not found
Refreshing native plugins compatible for Editor in 0.53 ms, found 0 plugins.
Preloading 0 native plugins for Editor in 0.00 ms.
Invoked RoslynAnalysisRunner static constructor.
RoslynAnalysisRunner will not be running.
RoslynAnalysisRunner has terminated.
Mono: successfully reloaded assembly
- Completed reload, in  0.860 seconds
Platform modules already initialized, skipping
========================================================================
Worker process is ready to serve import requests
Launched and connected shader compiler UnityShaderCompiler.exe after 0.18 seconds
Refreshing native plugins compatible for Editor in 0.47 ms, found 0 plugins.
Preloading 0 native plugins for Editor in 0.00 ms.
Unloading 1115 Unused Serialized files (Serialized files now loaded: 0)
System memory in use before: 56.8 MB.
System memory in use after: 56.9 MB.

Unloading 9 unused Assets to reduce memory usage. Loaded Objects now: 1558.
Total: 19.796100 ms (FindLiveObjects: 0.516900 ms CreateObjectMapping: 0.158700 ms MarkObjects: 18.982400 ms  DeleteObjects: 0.130700 ms)

========================================================================
Received Import Request.
  path: Assets/White-Square.jpg
  artifactKey: Guid(b67904f180f46304997388493b9dc2a6) Importer(815301076,1909f56bfc062723c751e8b465ee728b)
Start importing Assets/White-Square.jpg using Guid(b67904f180f46304997388493b9dc2a6) Importer(815301076,1909f56bfc062723c751e8b465ee728b)  -> (artifact id: '4e821edf41ed385a5010966e1d77dfcc') in 1.774067 seconds
  Import took 1.776223 seconds .

========================================================================
Received Import Request.
  Time since last request: 0.068656 seconds.
  path: Assets/White-Square 1.jpg
  artifactKey: Guid(c1a84789b695bed4d894a6f90e4bf6cf) Importer(815301076,1909f56bfc062723c751e8b465ee728b)
Start importing Assets/White-Square 1.jpg using Guid(c1a84789b695bed4d894a6f90e4bf6cf) Importer(815301076,1909f56bfc062723c751e8b465ee728b)  -> (artifact id: '8109e8c89110be481be715cc6facfe42') in 0.018783 seconds
  Import took 0.021095 seconds .

========================================================================
Received Import Request.
  Time since last request: 2.251965 seconds.
  path: Assets/Scenes
  artifactKey: Guid(391b669d9beb32b4d954104b7eed93b3) Importer(815301076,1909f56bfc062723c751e8b465ee728b)
Start importing Assets/Scenes using Guid(391b669d9beb32b4d954104b7eed93b3) Importer(815301076,1909f56bfc062723c751e8b465ee728b)  -> (artifact id: '927162068bc447a6a3092047c488bdad') in 0.004899 seconds
  Import took 0.007141 seconds .

========================================================================
Received Import Request.
  Time since last request: 0.053927 seconds.
  path: Assets/Scenes
  artifactKey: Guid(391b669d9beb32b4d954104b7eed93b3) Importer(815301076,1909f56bfc062723c751e8b465ee728b)
Start importing Assets/Scenes using Guid(391b669d9beb32b4d954104b7eed93b3) Importer(815301076,1909f56bfc062723c751e8b465ee728b)  -> (artifact id: '927162068bc447a6a3092047c488bdad') in 0.001644 seconds
  Import took 0.003722 seconds .

========================================================================
Received Import Request.
  Time since last request: 7.429071 seconds.
  path: Assets/MainScene.unity
  artifactKey: Guid(f7126716dade0cc41b80c460d2cacd07) Importer(815301076,1909f56bfc062723c751e8b465ee728b)
Start importing Assets/MainScene.unity using Guid(f7126716dade0cc41b80c460d2cacd07) Importer(815301076,1909f56bfc062723c751e8b465ee728b)  -> (artifact id: 'ce00591d80d329320e164c0a60c47d08') in 0.006116 seconds
  Import took 0.008714 seconds .

========================================================================
Received Import Request.
  Time since last request: 302.543648 seconds.
  path: Assets
  artifactKey: Guid(00000000000000001000000000000000) Importer(815301076,1909f56bfc062723c751e8b465ee728b)
Start importing Assets using Guid(00000000000000001000000000000000) Importer(815301076,1909f56bfc062723c751e8b465ee728b)  -> (artifact id: '42baae205c97e3337697759514652acd') in 0.009211 seconds
  Import took 0.013664 seconds .

========================================================================
Received Import Request.
  Time since last request: 0.001169 seconds.
  path: Assets
  artifactKey: Guid(00000000000000001000000000000000) Importer(815301076,1909f56bfc062723c751e8b465ee728b)
Start importing Assets using Guid(00000000000000001000000000000000) Importer(815301076,1909f56bfc062723c751e8b465ee728b)  -> (artifact id: '42baae205c97e3337697759514652acd') in 0.003797 seconds
  Import took 0.006006 seconds .

========================================================================
Received Import Request.
  Time since last request: 20.658070 seconds.
  path: Assets/EnemySpawner.cs
  artifactKey: Guid(45ef446f217f71245906d386378f772c) Importer(815301076,1909f56bfc062723c751e8b465ee728b)
Start importing Assets/EnemySpawner.cs using Guid(45ef446f217f71245906d386378f772c) Importer(815301076,1909f56bfc062723c751e8b465ee728b)  -> (artifact id: '591f0c75e28be373d4be26f8c4b78e78') in 0.053057 seconds
  Import took 0.055482 seconds .

========================================================================
Received Import Request.
  Time since last request: 0.058725 seconds.
  path: Assets/EnemySpawner.cs
  artifactKey: Guid(45ef446f217f71245906d386378f772c) Importer(815301076,1909f56bfc062723c751e8b465ee728b)
Start importing Assets/EnemySpawner.cs using Guid(45ef446f217f71245906d386378f772c) Importer(815301076,1909f56bfc062723c751e8b465ee728b)  -> (artifact id: '591f0c75e28be373d4be26f8c4b78e78') in 0.002341 seconds
  Import took 0.004659 seconds .

========================================================================
Received Prepare
Registering precompiled user dll's ...
Registered in 0.000539 seconds.
Begin MonoManager ReloadAssembly
Native extension for WindowsStandalone target not found
Refreshing native plugins compatible for Editor in 0.19 ms, found 0 plugins.
Preloading 0 native plugins for Editor in 0.00 ms.
Invoked RoslynAnalysisRunner static constructor.
RoslynAnalysisRunner will not be running.
RoslynAnalysisRunner has terminated.
Mono: successfully reloaded assembly
- Completed reload, in  0.793 seconds
Platform modules already initialized, skipping
Refreshing native plugins compatible for Editor in 0.30 ms, found 0 plugins.
Preloading 0 native plugins for Editor in 0.00 ms.
Unloading 1110 Unused Serialized files (Serialized files now loaded: 0)
System memory in use before: 59.8 MB.
System memory in use after: 59.9 MB.

Unloading 4 unused Assets to reduce memory usage. Loaded Objects now: 1568.
Total: 1.690900 ms (FindLiveObjects: 0.157700 ms CreateObjectMapping: 0.060200 ms MarkObjects: 1.453200 ms  DeleteObjects: 0.017700 ms)

========================================================================
Received Prepare
Registering precompiled user dll's ...
Registered in 0.000545 seconds.
Begin MonoManager ReloadAssembly
Native extension for WindowsStandalone target not found
Refreshing native plugins compatible for Editor in 0.19 ms, found 0 plugins.
Preloading 0 native plugins for Editor in 0.00 ms.
Invoked RoslynAnalysisRunner static constructor.
RoslynAnalysisRunner will not be running.
RoslynAnalysisRunner has terminated.
Mono: successfully reloaded assembly
- Completed reload, in  0.819 seconds
Platform modules already initialized, skipping
Refreshing native plugins compatible for Editor in 0.18 ms, found 0 plugins.
Preloading 0 native plugins for Editor in 0.00 ms.
Unloading 1110 Unused Serialized files (Serialized files now loaded: 0)
System memory in use before: 59.8 MB.
System memory in use after: 59.9 MB.

Unloading 4 unused Assets to reduce memory usage. Loaded Objects now: 1571.
Total: 2.209300 ms (FindLiveObjects: 0.254000 ms CreateObjectMapping: 0.143500 ms MarkObjects: 1.795400 ms  DeleteObjects: 0.013800 ms)

========================================================================
Received Import Request.
  Time since last request: 1547.044701 seconds.
  path: Assets/EnemySpawner.cs
  artifactKey: Guid(45ef446f217f71245906d386378f772c) Importer(815301076,1909f56bfc062723c751e8b465ee728b)
Start importing Assets/EnemySpawner.cs using Guid(45ef446f217f71245906d386378f772c) Importer(815301076,1909f56bfc062723c751e8b465ee728b)  -> (artifact id: '7178dce280e69aaa44a3d28213318d62') in 0.003309 seconds
  Import took 0.005078 seconds .

========================================================================
Received Import Request.
  Time since last request: 1.378418 seconds.
  path: Assets/LogController.cs
  artifactKey: Guid(993375bf268543043918038c6d181321) Importer(815301076,1909f56bfc062723c751e8b465ee728b)
Start importing Assets/LogController.cs using Guid(993375bf268543043918038c6d181321) Importer(815301076,1909f56bfc062723c751e8b465ee728b)  -> (artifact id: 'ee150d35ce3bd253267f279fc3a3f7bf') in 0.005767 seconds
  Import took 0.008160 seconds .

========================================================================
Received Import Request.
  Time since last request: 0.040592 seconds.
  path: Assets/LogController.cs
  artifactKey: Guid(993375bf268543043918038c6d181321) Importer(815301076,1909f56bfc062723c751e8b465ee728b)
Start importing Assets/LogController.cs using Guid(993375bf268543043918038c6d181321) Importer(815301076,1909f56bfc062723c751e8b465ee728b)  -> (artifact id: 'ee150d35ce3bd253267f279fc3a3f7bf') in 0.002219 seconds
  Import took 0.004585 seconds .

========================================================================
Received Import Request.
  Time since last request: 3.891236 seconds.
  path: Assets/PlayerController.cs
  artifactKey: Guid(2e8a2a8b9c9b94945875836a99735bfa) Importer(815301076,1909f56bfc062723c751e8b465ee728b)
Start importing Assets/PlayerController.cs using Guid(2e8a2a8b9c9b94945875836a99735bfa) Importer(815301076,1909f56bfc062723c751e8b465ee728b)  -> (artifact id: 'feb596bcc7fb00dbce30b1cebbb2f633') in 0.006255 seconds
  Import took 0.008181 seconds .

========================================================================
Received Prepare
Registering precompiled user dll's ...
Registered in 0.000536 seconds.
Begin MonoManager ReloadAssembly
Native extension for WindowsStandalone target not found
Refreshing native plugins compatible for Editor in 0.19 ms, found 0 plugins.
Preloading 0 native plugins for Editor in 0.00 ms.
Invoked RoslynAnalysisRunner static constructor.
RoslynAnalysisRunner will not be running.
RoslynAnalysisRunner has terminated.
Mono: successfully reloaded assembly
- Completed reload, in  0.773 seconds
Platform modules already initialized, skipping
Refreshing native plugins compatible for Editor in 0.19 ms, found 0 plugins.
Preloading 0 native plugins for Editor in 0.00 ms.
Unloading 1110 Unused Serialized files (Serialized files now loaded: 0)
System memory in use before: 59.9 MB.
System memory in use after: 60.0 MB.

Unloading 4 unused Assets to reduce memory usage. Loaded Objects now: 1574.
Total: 1.503900 ms (FindLiveObjects: 0.138200 ms CreateObjectMapping: 0.028600 ms MarkObjects: 1.322600 ms  DeleteObjects: 0.013200 ms)

========================================================================
Received Import Request.
  Time since last request: 1140.552460 seconds.
  path: Assets/Enemy1.prefab
  artifactKey: Guid(18ce6b93e95832147b80bef76781016c) Importer(815301076,1909f56bfc062723c751e8b465ee728b)
Start importing Assets/Enemy1.prefab using Guid(18ce6b93e95832147b80bef76781016c) Importer(815301076,1909f56bfc062723c751e8b465ee728b)  -> (artifact id: 'fa728bdb6547b51c8017c9e750ef7f4f') in 0.112253 seconds
  Import took 0.114419 seconds .

========================================================================
Received Import Request.
  Time since last request: 35.015296 seconds.
  path: Assets/Enemy2.prefab
  artifactKey: Guid(fcf0f7b3981b6084bba1dbe9f2f1d4ed) Importer(815301076,1909f56bfc062723c751e8b465ee728b)
Start importing Assets/Enemy2.prefab using Guid(fcf0f7b3981b6084bba1dbe9f2f1d4ed) Importer(815301076,1909f56bfc062723c751e8b465ee728b)  -> (artifact id: '27fdb8dd4b4611673f467fd726d0c1f1') in 0.028503 seconds
  Import took 0.031383 seconds .

========================================================================
Received Import Request.
  Time since last request: 0.001352 seconds.
  path: Assets/Enemy2.prefab
  artifactKey: Guid(fcf0f7b3981b6084bba1dbe9f2f1d4ed) Importer(815301076,1909f56bfc062723c751e8b465ee728b)
Start importing Assets/Enemy2.prefab using Guid(fcf0f7b3981b6084bba1dbe9f2f1d4ed) Importer(815301076,1909f56bfc062723c751e8b465ee728b)  -> (artifact id: '27fdb8dd4b4611673f467fd726d0c1f1') in 0.009128 seconds
  Import took 0.011620 seconds .

========================================================================
Received Prepare
Registering precompiled user dll's ...
Registered in 0.000514 seconds.
Begin MonoManager ReloadAssembly
Native extension for WindowsStandalone target not found
Refreshing native plugins compatible for Editor in 0.20 ms, found 0 plugins.
Preloading 0 native plugins for Editor in 0.00 ms.
Invoked RoslynAnalysisRunner static constructor.
RoslynAnalysisRunner will not be running.
RoslynAnalysisRunner has terminated.
Mono: successfully reloaded assembly
- Completed reload, in  0.834 seconds
Platform modules already initialized, skipping
Refreshing native plugins compatible for Editor in 0.22 ms, found 0 plugins.
Preloading 0 native plugins for Editor in 0.00 ms.
Unloading 1110 Unused Serialized files (Serialized files now loaded: 0)
System memory in use before: 59.9 MB.
System memory in use after: 60.0 MB.

Unloading 4 unused Assets to reduce memory usage. Loaded Objects now: 1581.
Total: 1.645100 ms (FindLiveObjects: 0.198000 ms CreateObjectMapping: 0.044200 ms MarkObjects: 1.387700 ms  DeleteObjects: 0.013800 ms)

========================================================================
Received Prepare
Registering precompiled user dll's ...
Registered in 0.000486 seconds.
Begin MonoManager ReloadAssembly
Native extension for WindowsStandalone target not found
Refreshing native plugins compatible for Editor in 0.21 ms, found 0 plugins.
Preloading 0 native plugins for Editor in 0.00 ms.
Invoked RoslynAnalysisRunner static constructor.
RoslynAnalysisRunner will not be running.
RoslynAnalysisRunner has terminated.
Mono: successfully reloaded assembly
- Completed reload, in  0.882 seconds
Platform modules already initialized, skipping
Refreshing native plugins compatible for Editor in 0.20 ms, found 0 plugins.
Preloading 0 native plugins for Editor in 0.00 ms.
Unloading 1110 Unused Serialized files (Serialized files now loaded: 0)
System memory in use before: 59.9 MB.
System memory in use after: 60.0 MB.

Unloading 4 unused Assets to reduce memory usage. Loaded Objects now: 1584.
Total: 1.958300 ms (FindLiveObjects: 0.231300 ms CreateObjectMapping: 0.067300 ms MarkObjects: 1.646400 ms  DeleteObjects: 0.012300 ms)

========================================================================
Received Prepare
Registering precompiled user dll's ...
Registered in 0.000892 seconds.
Begin MonoManager ReloadAssembly
Native extension for WindowsStandalone target not found
Refreshing native plugins compatible for Editor in 0.22 ms, found 0 plugins.
Preloading 0 native plugins for Editor in 0.00 ms.
Invoked RoslynAnalysisRunner static constructor.
RoslynAnalysisRunner will not be running.
RoslynAnalysisRunner has terminated.
Mono: successfully reloaded assembly
- Completed reload, in  0.795 seconds
Platform modules already initialized, skipping
Refreshing native plugins compatible for Editor in 0.22 ms, found 0 plugins.
Preloading 0 native plugins for Editor in 0.00 ms.
Unloading 1110 Unused Serialized files (Serialized files now loaded: 0)
System memory in use before: 59.9 MB.
System memory in use after: 60.0 MB.

Unloading 4 unused Assets to reduce memory usage. Loaded Objects now: 1587.
Total: 1.905900 ms (FindLiveObjects: 0.265300 ms CreateObjectMapping: 0.081600 ms MarkObjects: 1.543200 ms  DeleteObjects: 0.014700 ms)

========================================================================
Received Prepare
Registering precompiled user dll's ...
Registered in 0.000538 seconds.
Begin MonoManager ReloadAssembly
Native extension for WindowsStandalone target not found
Refreshing native plugins compatible for Editor in 0.22 ms, found 0 plugins.
Preloading 0 native plugins for Editor in 0.00 ms.
Invoked RoslynAnalysisRunner static constructor.
RoslynAnalysisRunner will not be running.
RoslynAnalysisRunner has terminated.
Mono: successfully reloaded assembly
- Completed reload, in  0.792 seconds
Platform modules already initialized, skipping
Refreshing native plugins compatible for Editor in 0.20 ms, found 0 plugins.
Preloading 0 native plugins for Editor in 0.00 ms.
Unloading 1110 Unused Serialized files (Serialized files now loaded: 0)
System memory in use before: 59.9 MB.
System memory in use after: 60.0 MB.

Unloading 4 unused Assets to reduce memory usage. Loaded Objects now: 1590.
Total: 1.880600 ms (FindLiveObjects: 0.252200 ms CreateObjectMapping: 0.057100 ms MarkObjects: 1.557000 ms  DeleteObjects: 0.013000 ms)

========================================================================
Received Prepare
Registering precompiled user dll's ...
Registered in 0.000624 seconds.
Begin MonoManager ReloadAssembly
Native extension for WindowsStandalone target not found
Refreshing native plugins compatible for Editor in 0.22 ms, found 0 plugins.
Preloading 0 native plugins for Editor in 0.00 ms.
Invoked RoslynAnalysisRunner static constructor.
RoslynAnalysisRunner will not be running.
RoslynAnalysisRunner has terminated.
Mono: successfully reloaded assembly
- Completed reload, in  0.790 seconds
Platform modules already initialized, skipping
Refreshing native plugins compatible for Editor in 0.19 ms, found 0 plugins.
Preloading 0 native plugins for Editor in 0.00 ms.
Unloading 1110 Unused Serialized files (Serialized files now loaded: 0)
System memory in use before: 59.9 MB.
System memory in use after: 60.0 MB.

Unloading 4 unused Assets to reduce memory usage. Loaded Objects now: 1593.
Total: 1.697900 ms (FindLiveObjects: 0.192200 ms CreateObjectMapping: 0.047300 ms MarkObjects: 1.441000 ms  DeleteObjects: 0.014600 ms)

========================================================================
Received Prepare
Registering precompiled user dll's ...
Registered in 0.000635 seconds.
Begin MonoManager ReloadAssembly
Native extension for WindowsStandalone target not found
Refreshing native plugins compatible for Editor in 0.22 ms, found 0 plugins.
Preloading 0 native plugins for Editor in 0.00 ms.
Invoked RoslynAnalysisRunner static constructor.
RoslynAnalysisRunner will not be running.
RoslynAnalysisRunner has terminated.
Mono: successfully reloaded assembly
- Completed reload, in  0.958 seconds
Platform modules already initialized, skipping
Refreshing native plugins compatible for Editor in 0.46 ms, found 0 plugins.
Preloading 0 native plugins for Editor in 0.00 ms.
Unloading 1110 Unused Serialized files (Serialized files now loaded: 0)
System memory in use before: 60.0 MB.
System memory in use after: 60.1 MB.

Unloading 4 unused Assets to reduce memory usage. Loaded Objects now: 1596.
Total: 5.592800 ms (FindLiveObjects: 1.167100 ms CreateObjectMapping: 0.225200 ms MarkObjects: 4.165900 ms  DeleteObjects: 0.032800 ms)

========================================================================
Received Prepare
Registering precompiled user dll's ...
Registered in 0.001347 seconds.
Begin MonoManager ReloadAssembly
Native extension for WindowsStandalone target not found
Refreshing native plugins compatible for Editor in 0.21 ms, found 0 plugins.
Preloading 0 native plugins for Editor in 0.00 ms.
Invoked RoslynAnalysisRunner static constructor.
RoslynAnalysisRunner will not be running.
RoslynAnalysisRunner has terminated.
Mono: successfully reloaded assembly
- Completed reload, in  0.797 seconds
Platform modules already initialized, skipping
Refreshing native plugins compatible for Editor in 0.36 ms, found 0 plugins.
Preloading 0 native plugins for Editor in 0.00 ms.
Unloading 1110 Unused Serialized files (Serialized files now loaded: 0)
System memory in use before: 60.0 MB.
System memory in use after: 60.1 MB.

Unloading 4 unused Assets to reduce memory usage. Loaded Objects now: 1599.
Total: 1.814200 ms (FindLiveObjects: 0.187000 ms CreateObjectMapping: 0.035700 ms MarkObjects: 1.576900 ms  DeleteObjects: 0.013800 ms)

========================================================================
Received Prepare
Registering precompiled user dll's ...
Registered in 0.001398 seconds.
Begin MonoManager ReloadAssembly
Native extension for WindowsStandalone target not found
Refreshing native plugins compatible for Editor in 0.28 ms, found 0 plugins.
Preloading 0 native plugins for Editor in 0.00 ms.
Invoked RoslynAnalysisRunner static constructor.
RoslynAnalysisRunner will not be running.
RoslynAnalysisRunner has terminated.
Mono: successfully reloaded assembly
- Completed reload, in  1.084 seconds
Platform modules already initialized, skipping
Refreshing native plugins compatible for Editor in 0.22 ms, found 0 plugins.
Preloading 0 native plugins for Editor in 0.00 ms.
Unloading 1110 Unused Serialized files (Serialized files now loaded: 0)
System memory in use before: 60.0 MB.
System memory in use after: 60.1 MB.

Unloading 4 unused Assets to reduce memory usage. Loaded Objects now: 1602.
Total: 2.669600 ms (FindLiveObjects: 0.186100 ms CreateObjectMapping: 0.057600 ms MarkObjects: 2.411700 ms  DeleteObjects: 0.013100 ms)

========================================================================
Received Prepare
Registering precompiled user dll's ...
Registered in 0.000577 seconds.
Begin MonoManager ReloadAssembly
Native extension for WindowsStandalone target not found
Refreshing native plugins compatible for Editor in 0.22 ms, found 0 plugins.
Preloading 0 native plugins for Editor in 0.00 ms.
Invoked RoslynAnalysisRunner static constructor.
RoslynAnalysisRunner will not be running.
RoslynAnalysisRunner has terminated.
Mono: successfully reloaded assembly
- Completed reload, in  0.836 seconds
Platform modules already initialized, skipping
Refreshing native plugins compatible for Editor in 0.22 ms, found 0 plugins.
Preloading 0 native plugins for Editor in 0.00 ms.
Unloading 1110 Unused Serialized files (Serialized files now loaded: 0)
System memory in use before: 60.0 MB.
System memory in use after: 60.1 MB.

Unloading 4 unused Assets to reduce memory usage. Loaded Objects now: 1605.
Total: 1.600500 ms (FindLiveObjects: 0.142200 ms CreateObjectMapping: 0.041600 ms MarkObjects: 1.400700 ms  DeleteObjects: 0.014600 ms)

========================================================================
Received Prepare
Registering precompiled user dll's ...
Registered in 0.001915 seconds.
Begin MonoManager ReloadAssembly
Native extension for WindowsStandalone target not found
Refreshing native plugins compatible for Editor in 0.29 ms, found 0 plugins.
Preloading 0 native plugins for Editor in 0.00 ms.
Invoked RoslynAnalysisRunner static constructor.
RoslynAnalysisRunner will not be running.
RoslynAnalysisRunner has terminated.
Mono: successfully reloaded assembly
- Completed reload, in  1.222 seconds
Platform modules already initialized, skipping
Refreshing native plugins compatible for Editor in 0.19 ms, found 0 plugins.
Preloading 0 native plugins for Editor in 0.00 ms.
Unloading 1110 Unused Serialized files (Serialized files now loaded: 0)
System memory in use before: 60.0 MB.
System memory in use after: 60.1 MB.

Unloading 4 unused Assets to reduce memory usage. Loaded Objects now: 1608.
Total: 2.122500 ms (FindLiveObjects: 0.250000 ms CreateObjectMapping: 0.054400 ms MarkObjects: 1.803800 ms  DeleteObjects: 0.013100 ms)

========================================================================
Received Prepare
Registering precompiled user dll's ...
Registered in 0.000773 seconds.
Begin MonoManager ReloadAssembly
Native extension for WindowsStandalone target not found
Refreshing native plugins compatible for Editor in 0.30 ms, found 0 plugins.
Preloading 0 native plugins for Editor in 0.00 ms.
Invoked RoslynAnalysisRunner static constructor.
RoslynAnalysisRunner will not be running.
RoslynAnalysisRunner has terminated.
Mono: successfully reloaded assembly
- Completed reload, in  1.029 seconds
Platform modules already initialized, skipping
Refreshing native plugins compatible for Editor in 0.21 ms, found 0 plugins.
Preloading 0 native plugins for Editor in 0.00 ms.
Unloading 1110 Unused Serialized files (Serialized files now loaded: 0)
System memory in use before: 60.0 MB.
System memory in use after: 60.1 MB.

Unloading 4 unused Assets to reduce memory usage. Loaded Objects now: 1611.
Total: 2.406400 ms (FindLiveObjects: 0.355000 ms CreateObjectMapping: 0.117200 ms MarkObjects: 1.906600 ms  DeleteObjects: 0.024000 ms)

========================================================================
Received Prepare
Registering precompiled user dll's ...
Registered in 0.000552 seconds.
Begin MonoManager ReloadAssembly
Native extension for WindowsStandalone target not found
Refreshing native plugins compatible for Editor in 0.52 ms, found 0 plugins.
Preloading 0 native plugins for Editor in 0.00 ms.
Invoked RoslynAnalysisRunner static constructor.
RoslynAnalysisRunner will not be running.
RoslynAnalysisRunner has terminated.
Mono: successfully reloaded assembly
- Completed reload, in  0.933 seconds
Platform modules already initialized, skipping
Refreshing native plugins compatible for Editor in 0.28 ms, found 0 plugins.
Preloading 0 native plugins for Editor in 0.00 ms.
Unloading 1110 Unused Serialized files (Serialized files now loaded: 0)
System memory in use before: 60.0 MB.
System memory in use after: 60.1 MB.

Unloading 4 unused Assets to reduce memory usage. Loaded Objects now: 1614.
Total: 2.655300 ms (FindLiveObjects: 0.455700 ms CreateObjectMapping: 0.222800 ms MarkObjects: 1.958400 ms  DeleteObjects: 0.016100 ms)

